[2018-10-22 10:26:54,158] ERROR [django.security.DisallowedHost.response_for_exception:74 exception] Invalid HTTP_HOST header: '47.99.121.32:39169'. You may need to add '47.99.121.32' to ALLOWED_HOSTS.
[2018-10-22 10:27:36,162] ERROR [django.security.DisallowedHost.response_for_exception:74 exception] Invalid HTTP_HOST header: '47.99.121.32:39169'. You may need to add '47.99.121.32' to ALLOWED_HOSTS.
[2018-10-22 10:27:37,351] ERROR [django.security.DisallowedHost.response_for_exception:74 exception] Invalid HTTP_HOST header: '47.99.121.32:39169'. You may need to add '47.99.121.32' to ALLOWED_HOSTS.
[2018-10-23 14:21:27,613] ERROR [django.security.DisallowedHost.response_for_exception:74 exception] Invalid HTTP_HOST header: '47.99.121.32:39169'. You may need to add '47.99.121.32' to ALLOWED_HOSTS.
[2018-10-23 14:46:05,756] ERROR [django.security.DisallowedHost.response_for_exception:74 exception] Invalid HTTP_HOST header: 'dev-Blog:8000'. You may need to add 'dev-blog' to ALLOWED_HOSTS.
[2018-10-23 17:02:58,284] ERROR [django.security.DisallowedHost.response_for_exception:74 exception] Invalid HTTP_HOST header: '47.99.121.32:39169'. You may need to add '47.99.121.32' to ALLOWED_HOSTS.
[2018-10-23 18:58:40,536] ERROR [django.security.DisallowedHost.response_for_exception:74 exception] Invalid HTTP_HOST header: '47.99.121.32:39169'. You may need to add '47.99.121.32' to ALLOWED_HOSTS.
[2018-10-23 20:25:48,154] ERROR [django.security.DisallowedHost.response_for_exception:74 exception] Invalid HTTP_HOST header: '47.99.121.32:39169'. You may need to add '47.99.121.32' to ALLOWED_HOSTS.
[2018-10-24 10:44:57,394] ERROR [django.security.DisallowedHost.response_for_exception:74 exception] Invalid HTTP_HOST header: '47.99.121.32:39169'. You may need to add '47.99.121.32' to ALLOWED_HOSTS.
[2018-10-24 12:23:58,262] ERROR [django.security.DisallowedHost.response_for_exception:74 exception] Invalid HTTP_HOST header: '47.99.121.32:39169'. You may need to add '47.99.121.32' to ALLOWED_HOSTS.
[2018-10-24 12:27:36,457] ERROR [django.security.DisallowedHost.response_for_exception:74 exception] Invalid HTTP_HOST header: 'dev-Blog:8000'. You may need to add 'dev-blog' to ALLOWED_HOSTS.
[2018-10-24 13:47:32,251] ERROR [django.security.DisallowedHost.response_for_exception:74 exception] Invalid HTTP_HOST header: 'dev-Blog:8000'. You may need to add 'dev-blog' to ALLOWED_HOSTS.
[2018-10-24 14:17:29,385] ERROR [django.security.DisallowedHost.response_for_exception:74 exception] Invalid HTTP_HOST header: '47.99.121.32:39169'. You may need to add '47.99.121.32' to ALLOWED_HOSTS.
[2018-10-24 15:56:08,021] ERROR [django.security.DisallowedHost.response_for_exception:74 exception] Invalid HTTP_HOST header: '47.99.121.32:39169'. You may need to add '47.99.121.32' to ALLOWED_HOSTS.
[2018-10-24 16:37:47,871] ERROR [django.security.DisallowedHost.response_for_exception:74 exception] Invalid HTTP_HOST header: '47.99.121.32:39169'. You may need to add '47.99.121.32' to ALLOWED_HOSTS.
[2018-10-24 18:42:42,652] ERROR [django.security.DisallowedHost.response_for_exception:74 exception] Invalid HTTP_HOST header: '47.99.121.32:39169'. You may need to add '47.99.121.32' to ALLOWED_HOSTS.
[2018-10-24 18:56:18,170] ERROR [django.security.DisallowedHost.response_for_exception:74 exception] Invalid HTTP_HOST header: '47.99.121.32:39169'. You may need to add '47.99.121.32' to ALLOWED_HOSTS.
[2018-10-24 19:23:32,421] ERROR [django.security.DisallowedHost.response_for_exception:74 exception] Invalid HTTP_HOST header: '47.99.121.32:39169'. You may need to add '47.99.121.32' to ALLOWED_HOSTS.
[2018-10-24 20:44:22,521] ERROR [django.security.DisallowedHost.response_for_exception:74 exception] Invalid HTTP_HOST header: '47.99.121.32:39169'. You may need to add '47.99.121.32' to ALLOWED_HOSTS.
[2018-10-25 13:39:27,935] ERROR [django.security.DisallowedHost.response_for_exception:74 exception] Invalid HTTP_HOST header: '47.99.121.32:39169'. You may need to add '47.99.121.32' to ALLOWED_HOSTS.
[2018-10-25 15:36:11,378] ERROR [django.security.DisallowedHost.response_for_exception:74 exception] Invalid HTTP_HOST header: '47.99.121.32:39169'. You may need to add '47.99.121.32' to ALLOWED_HOSTS.
[2018-10-25 15:47:41,874] ERROR [django.security.DisallowedHost.response_for_exception:74 exception] Invalid HTTP_HOST header: '47.99.121.32:39169'. You may need to add '47.99.121.32' to ALLOWED_HOSTS.
[2018-10-25 16:10:52,300] ERROR [django.security.DisallowedHost.response_for_exception:74 exception] Invalid HTTP_HOST header: '47.99.121.32:39169'. You may need to add '47.99.121.32' to ALLOWED_HOSTS.
[2018-10-25 17:53:26,689] ERROR [django.security.DisallowedHost.response_for_exception:74 exception] Invalid HTTP_HOST header: '47.99.121.32:39169'. You may need to add '47.99.121.32' to ALLOWED_HOSTS.
[2018-10-25 17:59:37,082] ERROR [django.security.DisallowedHost.response_for_exception:74 exception] Invalid HTTP_HOST header: 'dev-Blog:8000'. You may need to add 'dev-blog' to ALLOWED_HOSTS.
[2018-10-25 18:04:39,943] ERROR [django.security.DisallowedHost.response_for_exception:74 exception] Invalid HTTP_HOST header: '47.99.121.32:39169'. You may need to add '47.99.121.32' to ALLOWED_HOSTS.
[2018-10-26 12:00:32,508] INFO [blog.context_processors.processor:10 context_processors] set processor
[2018-10-26 12:00:37,238] INFO [blog.context_processors.processor:10 context_processors] set processor
[2018-10-26 12:00:38,590] INFO [blog.context_processors.processor:10 context_processors] set processor
[2018-10-26 12:00:39,819] INFO [blog.context_processors.processor:10 context_processors] set processor
[2018-10-26 12:00:40,822] INFO [blog.context_processors.processor:10 context_processors] set processor
[2018-10-26 12:00:41,745] INFO [blog.context_processors.processor:10 context_processors] set processor
[2018-10-26 12:00:54,771] INFO [blog.context_processors.processor:10 context_processors] set processor
[2018-10-26 12:00:57,837] INFO [blog.context_processors.processor:10 context_processors] set processor
[2018-10-26 12:00:59,457] INFO [blog.context_processors.processor:10 context_processors] set processor
[2018-10-26 12:01:00,460] INFO [blog.context_processors.processor:10 context_processors] set processor
[2018-10-26 12:01:01,879] INFO [blog.context_processors.processor:10 context_processors] set processor
[2018-10-26 12:01:03,240] INFO [blog.context_processors.processor:10 context_processors] set processor
[2018-10-26 12:01:04,101] INFO [blog.context_processors.processor:10 context_processors] set processor
[2018-10-26 12:01:05,265] INFO [blog.context_processors.processor:10 context_processors] set processor
[2018-10-26 12:01:34,541] INFO [blog.context_processors.processor:10 context_processors] set processor
[2018-10-26 12:01:39,159] INFO [blog.context_processors.processor:10 context_processors] set processor
[2018-10-26 12:01:40,253] INFO [blog.context_processors.processor:10 context_processors] set processor
[2018-10-26 12:01:41,756] INFO [blog.context_processors.processor:10 context_processors] set processor
[2018-10-26 12:01:48,042] INFO [blog.context_processors.processor:10 context_processors] set processor
[2018-10-26 12:01:50,406] INFO [blog.context_processors.processor:10 context_processors] set processor
[2018-10-26 12:01:51,453] INFO [blog.context_processors.processor:10 context_processors] set processor
[2018-10-26 12:01:52,167] INFO [blog.context_processors.processor:10 context_processors] set processor
[2018-10-26 12:02:06,326] INFO [blog.context_processors.processor:10 context_processors] set processor
[2018-10-26 12:02:15,997] INFO [blog.context_processors.processor:10 context_processors] set processor
[2018-10-26 12:02:45,601] INFO [blog.context_processors.processor:10 context_processors] set processor
[2018-10-26 12:03:23,865] INFO [blog.context_processors.processor:10 context_processors] set processor
[2018-10-26 12:03:40,433] INFO [blog.context_processors.processor:10 context_processors] set processor
[2018-10-26 12:04:10,956] INFO [blog.context_processors.processor:10 context_processors] set processor
[2018-10-26 12:04:13,019] INFO [blog.context_processors.processor:10 context_processors] set processor
[2018-10-26 12:04:14,650] INFO [blog.context_processors.processor:10 context_processors] set processor
[2018-10-26 12:04:16,514] INFO [blog.context_processors.processor:10 context_processors] set processor
[2018-10-26 12:04:17,769] INFO [blog.context_processors.processor:10 context_processors] set processor
[2018-10-26 12:04:21,606] INFO [blog.context_processors.processor:10 context_processors] set processor
[2018-10-26 12:04:23,067] INFO [blog.context_processors.processor:10 context_processors] set processor
[2018-10-26 12:04:23,881] INFO [blog.context_processors.processor:10 context_processors] set processor
[2018-10-26 12:04:24,690] INFO [blog.context_processors.processor:10 context_processors] set processor
[2018-10-26 12:05:07,881] INFO [blog.context_processors.processor:10 context_processors] set processor
[2018-10-26 12:05:11,304] INFO [blog.context_processors.processor:10 context_processors] set processor
[2018-10-26 12:05:57,809] INFO [blog.context_processors.processor:10 context_processors] set processor
[2018-10-26 12:07:42,605] INFO [blog.context_processors.processor:10 context_processors] set processor
[2018-10-26 12:07:45,305] INFO [blog.context_processors.processor:10 context_processors] set processor
[2018-10-26 12:07:46,760] INFO [blog.context_processors.processor:10 context_processors] set processor
[2018-10-26 12:07:47,666] INFO [blog.context_processors.processor:10 context_processors] set processor
[2018-10-26 12:08:09,565] INFO [blog.context_processors.processor:10 context_processors] set processor
[2018-10-26 12:10:07,991] ERROR [django.security.DisallowedHost.response_for_exception:74 exception] Invalid HTTP_HOST header: '47.99.121.32:39169'. You may need to add '47.99.121.32' to ALLOWED_HOSTS.
[2018-10-26 12:10:22,372] INFO [blog.context_processors.processor:10 context_processors] set processor
[2018-10-26 12:11:01,828] INFO [blog.context_processors.processor:10 context_processors] set processor
[2018-10-26 12:11:27,791] INFO [blog.context_processors.processor:10 context_processors] set processor
[2018-10-26 12:11:30,136] INFO [blog.context_processors.processor:10 context_processors] set processor
[2018-10-26 12:11:31,726] INFO [blog.context_processors.processor:10 context_processors] set processor
[2018-10-26 12:11:34,216] INFO [blog.context_processors.processor:10 context_processors] set processor
[2018-10-26 12:11:35,530] INFO [blog.context_processors.processor:10 context_processors] set processor
[2018-10-26 12:11:36,672] INFO [blog.context_processors.processor:10 context_processors] set processor
[2018-10-26 12:11:55,196] INFO [blog.context_processors.processor:10 context_processors] set processor
[2018-10-26 12:11:57,511] INFO [blog.context_processors.processor:10 context_processors] set processor
[2018-10-26 12:12:00,423] INFO [blog.context_processors.processor:10 context_processors] set processor
[2018-10-26 12:12:02,224] INFO [blog.context_processors.processor:10 context_processors] set processor
[2018-10-26 12:12:03,315] INFO [blog.context_processors.processor:10 context_processors] set processor
[2018-10-26 12:12:04,203] INFO [blog.context_processors.processor:10 context_processors] set processor
[2018-10-26 12:12:52,567] INFO [blog.context_processors.processor:10 context_processors] set processor
[2018-10-26 12:12:52,581] INFO [Jin_Blog.utils.news:33 utils] cache_decorator set cache:%s key:%s
[2018-10-26 12:13:17,318] INFO [blog.context_processors.processor:10 context_processors] set processor
[2018-10-26 12:13:17,329] INFO [Jin_Blog.utils.news:33 utils] cache_decorator set cache:%s key:%s
[2018-10-26 12:13:52,648] INFO [blog.context_processors.processor:10 context_processors] set processor
[2018-10-26 12:13:59,319] INFO [blog.context_processors.processor:10 context_processors] set processor
[2018-10-26 12:13:59,330] INFO [Jin_Blog.utils.news:33 utils] cache_decorator set cache:%s key:%s
[2018-10-26 12:14:06,100] INFO [blog.context_processors.processor:10 context_processors] set processor
[2018-10-26 12:15:15,360] INFO [blog.context_processors.processor:10 context_processors] set processor
[2018-10-26 12:19:17,664] INFO [blog.context_processors.processor:10 context_processors] set processor
[2018-10-26 12:19:43,713] INFO [blog.context_processors.processor:10 context_processors] set processor
[2018-10-26 12:19:47,122] INFO [blog.context_processors.processor:10 context_processors] set processor
[2018-10-26 12:20:23,717] INFO [blog.context_processors.processor:10 context_processors] set processor
[2018-10-26 12:20:31,337] INFO [blog.context_processors.processor:10 context_processors] set processor
[2018-10-26 12:20:53,911] INFO [blog.context_processors.processor:10 context_processors] set processor
[2018-10-26 12:20:55,494] INFO [blog.context_processors.processor:10 context_processors] set processor
[2018-10-26 12:20:56,444] INFO [blog.context_processors.processor:10 context_processors] set processor
[2018-10-26 12:20:57,450] INFO [blog.context_processors.processor:10 context_processors] set processor
[2018-10-26 12:20:58,565] INFO [blog.context_processors.processor:10 context_processors] set processor
[2018-10-26 12:21:00,257] INFO [blog.context_processors.processor:10 context_processors] set processor
[2018-10-26 12:21:01,665] INFO [blog.context_processors.processor:10 context_processors] set processor
[2018-10-26 12:21:02,930] INFO [blog.context_processors.processor:10 context_processors] set processor
[2018-10-26 12:21:11,427] INFO [blog.context_processors.processor:10 context_processors] set processor
[2018-10-26 12:21:14,552] INFO [blog.context_processors.processor:10 context_processors] set processor
[2018-10-26 12:22:06,909] INFO [blog.context_processors.processor:10 context_processors] set processor
[2018-10-26 12:22:10,311] INFO [blog.context_processors.processor:10 context_processors] set processor
[2018-10-26 12:22:11,827] INFO [blog.context_processors.processor:10 context_processors] set processor
[2018-10-26 12:22:12,966] INFO [blog.context_processors.processor:10 context_processors] set processor
[2018-10-26 12:22:30,066] INFO [blog.context_processors.processor:10 context_processors] set processor
[2018-10-26 12:22:36,208] INFO [blog.context_processors.processor:10 context_processors] set processor
[2018-10-26 12:22:39,360] INFO [blog.context_processors.processor:10 context_processors] set processor
[2018-10-26 12:22:40,360] INFO [blog.context_processors.processor:10 context_processors] set processor
[2018-10-26 12:22:42,031] INFO [blog.context_processors.processor:10 context_processors] set processor
[2018-10-26 12:22:42,652] INFO [blog.context_processors.processor:10 context_processors] set processor
[2018-10-26 12:22:43,692] INFO [blog.context_processors.processor:10 context_processors] set processor
[2018-10-26 12:25:52,631] INFO [blog.context_processors.processor:10 context_processors] set processor
[2018-10-26 12:31:52,058] INFO [blog.context_processors.processor:10 context_processors] set processor
[2018-10-26 12:33:25,183] INFO [blog.context_processors.processor:10 context_processors] set processor
[2018-10-26 12:33:30,079] INFO [blog.context_processors.processor:10 context_processors] set processor
[2018-10-26 12:33:32,036] INFO [blog.context_processors.processor:10 context_processors] set processor
[2018-10-26 12:33:48,021] INFO [blog.context_processors.processor:10 context_processors] set processor
[2018-10-26 12:34:18,516] INFO [blog.context_processors.processor:10 context_processors] set processor
[2018-10-26 12:35:40,346] INFO [blog.context_processors.processor:10 context_processors] set processor
[2018-10-26 12:35:42,395] INFO [blog.context_processors.processor:10 context_processors] set processor
[2018-10-26 12:35:43,588] INFO [blog.context_processors.processor:10 context_processors] set processor
[2018-10-26 12:35:45,921] INFO [blog.context_processors.processor:10 context_processors] set processor
[2018-10-26 12:35:47,968] INFO [blog.context_processors.processor:10 context_processors] set processor
[2018-10-26 12:36:07,124] INFO [blog.context_processors.processor:10 context_processors] set processor
[2018-10-26 12:36:11,184] INFO [blog.context_processors.processor:10 context_processors] set processor
[2018-10-26 12:36:14,104] INFO [blog.context_processors.processor:10 context_processors] set processor
[2018-10-26 12:36:21,821] INFO [blog.context_processors.processor:10 context_processors] set processor
[2018-10-26 12:36:23,895] INFO [blog.context_processors.processor:10 context_processors] set processor
[2018-10-26 12:36:27,486] ERROR [django.security.DisallowedHost.response_for_exception:74 exception] Invalid HTTP_HOST header: 'dev-Blog:8000'. You may need to add 'dev-blog' to ALLOWED_HOSTS.
[2018-10-26 12:36:30,199] INFO [blog.context_processors.processor:10 context_processors] set processor
[2018-10-26 12:36:34,852] INFO [blog.context_processors.processor:10 context_processors] set processor
[2018-10-26 12:36:42,346] INFO [blog.context_processors.processor:10 context_processors] set processor
[2018-10-26 12:36:49,036] INFO [blog.context_processors.processor:10 context_processors] set processor
[2018-10-26 12:36:57,412] INFO [blog.context_processors.processor:10 context_processors] set processor
[2018-10-26 12:37:06,186] INFO [blog.context_processors.processor:10 context_processors] set processor
[2018-10-26 12:37:39,413] INFO [blog.context_processors.processor:10 context_processors] set processor
[2018-10-26 12:37:42,897] INFO [blog.context_processors.processor:10 context_processors] set processor
[2018-10-26 12:38:54,005] INFO [blog.context_processors.processor:10 context_processors] set processor
[2018-10-26 12:38:56,887] INFO [blog.context_processors.processor:10 context_processors] set processor
[2018-10-26 12:38:59,858] INFO [blog.context_processors.processor:10 context_processors] set processor
[2018-10-26 12:39:01,468] INFO [blog.context_processors.processor:10 context_processors] set processor
[2018-10-26 12:39:04,492] INFO [blog.context_processors.processor:10 context_processors] set processor
[2018-10-26 12:39:06,253] INFO [blog.context_processors.processor:10 context_processors] set processor
[2018-10-26 12:39:11,253] INFO [blog.context_processors.processor:10 context_processors] set processor
[2018-10-26 12:39:12,870] INFO [blog.context_processors.processor:10 context_processors] set processor
[2018-10-26 12:39:13,940] INFO [blog.context_processors.processor:10 context_processors] set processor
[2018-10-26 12:39:15,224] INFO [blog.context_processors.processor:10 context_processors] set processor
[2018-10-26 12:39:16,318] INFO [blog.context_processors.processor:10 context_processors] set processor
[2018-10-26 12:39:23,950] INFO [blog.context_processors.processor:10 context_processors] set processor
[2018-10-26 12:39:35,449] INFO [blog.context_processors.processor:10 context_processors] set processor
[2018-10-26 12:39:37,412] INFO [blog.context_processors.processor:10 context_processors] set processor
[2018-10-26 12:39:44,255] INFO [blog.context_processors.processor:10 context_processors] set processor
[2018-10-26 12:39:45,742] INFO [blog.context_processors.processor:10 context_processors] set processor
[2018-10-26 12:39:59,791] INFO [blog.context_processors.processor:10 context_processors] set processor
[2018-10-26 12:40:06,106] INFO [blog.context_processors.processor:10 context_processors] set processor
[2018-10-26 12:40:08,148] INFO [blog.context_processors.processor:10 context_processors] set processor
[2018-10-26 12:40:15,448] INFO [blog.context_processors.processor:10 context_processors] set processor
[2018-10-26 12:40:17,416] INFO [blog.context_processors.processor:10 context_processors] set processor
[2018-10-26 12:40:18,666] INFO [blog.context_processors.processor:10 context_processors] set processor
[2018-10-26 12:40:19,823] INFO [blog.context_processors.processor:10 context_processors] set processor
[2018-10-26 12:40:21,033] INFO [blog.context_processors.processor:10 context_processors] set processor
[2018-10-26 12:40:26,384] INFO [blog.context_processors.processor:10 context_processors] set processor
[2018-10-26 12:40:32,335] INFO [blog.context_processors.processor:10 context_processors] set processor
[2018-10-26 12:40:34,108] INFO [blog.context_processors.processor:10 context_processors] set processor
[2018-10-26 12:40:36,948] INFO [blog.context_processors.processor:10 context_processors] set processor
[2018-10-26 12:40:38,922] INFO [blog.context_processors.processor:10 context_processors] set processor
[2018-10-26 12:43:40,723] INFO [blog.context_processors.processor:10 context_processors] set processor
[2018-10-26 12:45:30,270] INFO [blog.context_processors.processor:10 context_processors] set processor
[2018-10-26 12:45:40,304] INFO [blog.context_processors.processor:10 context_processors] set processor
[2018-10-26 12:45:50,870] INFO [blog.context_processors.processor:10 context_processors] set processor
[2018-10-26 12:48:06,046] INFO [blog.context_processors.processor:10 context_processors] set processor
[2018-10-26 12:48:29,502] INFO [blog.context_processors.processor:10 context_processors] set processor
[2018-10-26 12:53:33,927] INFO [blog.context_processors.processor:10 context_processors] set processor
[2018-10-26 12:53:45,749] INFO [blog.context_processors.processor:10 context_processors] set processor
[2018-10-26 12:57:34,486] INFO [blog.context_processors.processor:10 context_processors] set processor
[2018-10-26 12:57:35,612] INFO [blog.context_processors.processor:10 context_processors] set processor
[2018-10-26 12:57:36,635] INFO [blog.context_processors.processor:10 context_processors] set processor
[2018-10-26 13:01:23,078] INFO [blog.context_processors.processor:10 context_processors] set processor
[2018-10-26 13:02:33,403] INFO [blog.context_processors.processor:10 context_processors] set processor
[2018-10-26 13:02:42,660] INFO [blog.context_processors.processor:10 context_processors] set processor
[2018-10-26 13:02:45,541] INFO [blog.context_processors.processor:10 context_processors] set processor
[2018-10-26 13:02:47,937] INFO [blog.context_processors.processor:10 context_processors] set processor
[2018-10-26 13:02:50,269] INFO [blog.context_processors.processor:10 context_processors] set processor
[2018-10-26 13:03:17,783] INFO [blog.context_processors.processor:10 context_processors] set processor
[2018-10-26 13:03:24,729] INFO [blog.context_processors.processor:10 context_processors] set processor
[2018-10-26 13:03:33,332] INFO [blog.context_processors.processor:10 context_processors] set processor
[2018-10-26 13:03:36,153] INFO [blog.context_processors.processor:10 context_processors] set processor
[2018-10-26 13:03:38,121] INFO [blog.context_processors.processor:10 context_processors] set processor
[2018-10-26 13:04:45,334] INFO [blog.context_processors.processor:10 context_processors] set processor
[2018-10-26 13:05:14,352] INFO [blog.context_processors.processor:10 context_processors] set processor
[2018-10-26 13:05:16,714] INFO [blog.context_processors.processor:10 context_processors] set processor
[2018-10-26 13:06:19,122] INFO [blog.context_processors.processor:10 context_processors] set processor
[2018-10-26 13:06:44,078] INFO [blog.context_processors.processor:10 context_processors] set processor
[2018-10-26 13:07:02,612] INFO [blog.context_processors.processor:10 context_processors] set processor
[2018-10-26 13:07:17,601] INFO [blog.context_processors.processor:10 context_processors] set processor
[2018-10-26 13:07:22,468] INFO [blog.context_processors.processor:10 context_processors] set processor
[2018-10-26 13:07:39,255] INFO [blog.context_processors.processor:10 context_processors] set processor
[2018-10-26 13:07:40,824] INFO [blog.context_processors.processor:10 context_processors] set processor
[2018-10-26 13:07:44,003] INFO [blog.context_processors.processor:10 context_processors] set processor
[2018-10-26 13:07:45,692] INFO [blog.context_processors.processor:10 context_processors] set processor
[2018-10-26 13:07:56,011] INFO [blog.context_processors.processor:10 context_processors] set processor
[2018-10-26 13:08:22,032] INFO [blog.context_processors.processor:10 context_processors] set processor
[2018-10-26 13:08:31,449] INFO [blog.context_processors.processor:10 context_processors] set processor
[2018-10-26 13:08:33,302] INFO [blog.context_processors.processor:10 context_processors] set processor
[2018-10-26 13:08:34,219] INFO [blog.context_processors.processor:10 context_processors] set processor
[2018-10-26 13:08:37,244] INFO [blog.context_processors.processor:10 context_processors] set processor
[2018-10-26 13:12:46,081] INFO [blog.context_processors.processor:10 context_processors] set processor
[2018-10-26 13:12:54,923] ERROR [django.security.DisallowedHost.response_for_exception:74 exception] Invalid HTTP_HOST header: '47.99.121.32:39169'. You may need to add '47.99.121.32' to ALLOWED_HOSTS.
[2018-10-26 13:13:03,427] INFO [blog.context_processors.processor:10 context_processors] set processor
[2018-10-26 13:13:12,629] INFO [blog.context_processors.processor:10 context_processors] set processor
[2018-10-26 13:13:17,375] INFO [blog.context_processors.processor:10 context_processors] set processor
[2018-10-26 13:13:18,763] INFO [blog.context_processors.processor:10 context_processors] set processor
[2018-10-26 13:14:28,161] INFO [blog.context_processors.processor:10 context_processors] set processor
[2018-10-26 13:15:54,421] INFO [blog.context_processors.processor:10 context_processors] set processor
[2018-10-26 13:15:56,942] INFO [blog.context_processors.processor:10 context_processors] set processor
[2018-10-26 13:16:24,613] INFO [blog.context_processors.processor:10 context_processors] set processor
[2018-10-26 13:16:31,643] INFO [blog.context_processors.processor:10 context_processors] set processor
[2018-10-26 13:16:43,653] INFO [blog.context_processors.processor:10 context_processors] set processor
[2018-10-26 13:17:01,187] INFO [blog.context_processors.processor:10 context_processors] set processor
[2018-10-26 13:17:14,439] INFO [blog.context_processors.processor:10 context_processors] set processor
[2018-10-26 13:17:55,672] INFO [blog.context_processors.processor:10 context_processors] set processor
[2018-10-26 13:18:05,411] INFO [blog.context_processors.processor:10 context_processors] set processor
[2018-10-26 13:18:25,947] INFO [blog.context_processors.processor:10 context_processors] set processor
[2018-10-26 13:19:39,152] INFO [blog.context_processors.processor:10 context_processors] set processor
[2018-10-26 13:19:59,615] INFO [blog.context_processors.processor:10 context_processors] set processor
[2018-10-26 13:21:54,125] INFO [blog.context_processors.processor:10 context_processors] set processor
[2018-10-26 13:23:13,977] INFO [blog.context_processors.processor:10 context_processors] set processor
[2018-10-26 13:23:36,583] INFO [blog.context_processors.processor:10 context_processors] set processor
[2018-10-26 13:23:51,177] INFO [blog.context_processors.processor:10 context_processors] set processor
[2018-10-26 13:24:16,747] INFO [blog.context_processors.processor:10 context_processors] set processor
[2018-10-26 13:24:37,008] INFO [blog.context_processors.processor:10 context_processors] set processor
[2018-10-26 13:25:09,250] INFO [blog.context_processors.processor:10 context_processors] set processor
[2018-10-26 13:25:24,111] INFO [blog.context_processors.processor:10 context_processors] set processor
[2018-10-26 13:27:25,366] INFO [blog.context_processors.processor:10 context_processors] set processor
[2018-10-26 13:27:25,378] INFO [Jin_Blog.utils.news:33 utils] cache_decorator set cache:%s key:%s
[2018-10-26 13:27:38,672] INFO [blog.context_processors.processor:10 context_processors] set processor
[2018-10-26 13:27:47,075] INFO [blog.context_processors.processor:10 context_processors] set processor
[2018-10-26 13:27:47,087] INFO [Jin_Blog.utils.news:33 utils] cache_decorator set cache:%s key:%s
[2018-10-26 13:29:41,027] INFO [blog.context_processors.processor:10 context_processors] set processor
[2018-10-26 13:29:41,038] INFO [Jin_Blog.utils.news:33 utils] cache_decorator set cache:%s key:%s
[2018-10-26 13:29:51,840] INFO [blog.context_processors.processor:10 context_processors] set processor
[2018-10-26 13:29:51,854] INFO [Jin_Blog.utils.news:33 utils] cache_decorator set cache:%s key:%s
[2018-10-26 13:31:37,384] INFO [blog.context_processors.processor:10 context_processors] set processor
[2018-10-26 13:31:37,398] INFO [Jin_Blog.utils.news:33 utils] cache_decorator set cache:%s key:%s
[2018-10-26 13:32:04,765] INFO [blog.context_processors.processor:10 context_processors] set processor
[2018-10-26 13:32:32,279] INFO [blog.context_processors.processor:10 context_processors] set processor
[2018-10-26 13:32:38,137] INFO [blog.context_processors.processor:10 context_processors] set processor
[2018-10-26 13:33:48,445] INFO [blog.context_processors.processor:10 context_processors] set processor
[2018-10-26 13:33:52,987] INFO [blog.context_processors.processor:10 context_processors] set processor
[2018-10-26 13:34:45,332] INFO [blog.context_processors.processor:10 context_processors] set processor
[2018-10-26 13:35:43,758] INFO [blog.context_processors.processor:10 context_processors] set processor
[2018-10-26 13:36:15,977] INFO [blog.context_processors.processor:10 context_processors] set processor
[2018-10-26 13:43:41,543] INFO [blog.context_processors.processor:10 context_processors] set processor
[2018-10-26 13:44:36,111] INFO [blog.context_processors.processor:10 context_processors] set processor
[2018-10-26 13:44:36,729] INFO [blog.context_processors.processor:10 context_processors] set processor
[2018-10-26 13:45:00,566] INFO [blog.context_processors.processor:10 context_processors] set processor
[2018-10-26 13:45:02,891] INFO [blog.context_processors.processor:10 context_processors] set processor
[2018-10-26 13:45:19,629] INFO [blog.context_processors.processor:10 context_processors] set processor
[2018-10-26 13:45:21,536] INFO [blog.context_processors.processor:10 context_processors] set processor
[2018-10-26 13:45:23,535] INFO [blog.context_processors.processor:10 context_processors] set processor
[2018-10-26 13:46:11,405] INFO [blog.context_processors.processor:10 context_processors] set processor
[2018-10-26 13:46:19,087] INFO [blog.context_processors.processor:10 context_processors] set processor
[2018-10-26 13:46:20,679] INFO [blog.context_processors.processor:10 context_processors] set processor
[2018-10-26 13:46:32,095] INFO [blog.context_processors.processor:10 context_processors] set processor
[2018-10-26 13:46:40,447] INFO [blog.context_processors.processor:10 context_processors] set processor
[2018-10-26 13:46:48,513] INFO [blog.context_processors.processor:10 context_processors] set processor
[2018-10-26 13:47:24,723] INFO [blog.context_processors.processor:10 context_processors] set processor
[2018-10-26 14:15:21,402] ERROR [django.security.DisallowedHost.response_for_exception:74 exception] Invalid HTTP_HOST header: '47.99.121.32:39169'. You may need to add '47.99.121.32' to ALLOWED_HOSTS.
[2018-10-26 14:17:36,041] ERROR [django.security.DisallowedHost.response_for_exception:74 exception] Invalid HTTP_HOST header: 'dev-Blog:8000'. You may need to add 'dev-blog' to ALLOWED_HOSTS.
[2018-10-26 14:25:52,872] ERROR [django.security.DisallowedHost.response_for_exception:74 exception] Invalid HTTP_HOST header: '47.99.121.32:39169'. You may need to add '47.99.121.32' to ALLOWED_HOSTS.
[2018-10-26 14:36:45,293] ERROR [django.security.DisallowedHost.response_for_exception:74 exception] Invalid HTTP_HOST header: '47.99.121.32:39169'. You may need to add '47.99.121.32' to ALLOWED_HOSTS.
[2018-10-26 14:52:13,907] INFO [blog.context_processors.processor:10 context_processors] set processor
[2018-10-26 14:54:31,033] INFO [blog.context_processors.processor:10 context_processors] set processor
[2018-10-26 14:54:38,579] INFO [blog.context_processors.processor:10 context_processors] set processor
[2018-10-26 14:55:11,622] INFO [blog.context_processors.processor:10 context_processors] set processor
[2018-10-26 14:55:46,791] INFO [blog.context_processors.processor:10 context_processors] set processor
[2018-10-26 14:56:38,300] INFO [blog.context_processors.processor:10 context_processors] set processor
[2018-10-26 14:56:55,111] INFO [blog.context_processors.processor:10 context_processors] set processor
[2018-10-26 14:57:10,927] INFO [blog.context_processors.processor:10 context_processors] set processor
[2018-10-26 14:57:53,404] INFO [Jin_Blog.utils.news:33 utils] cache_decorator set cache:%s key:%s
[2018-10-26 14:57:58,712] INFO [blog.context_processors.processor:10 context_processors] set processor
[2018-10-26 14:58:00,189] INFO [Jin_Blog.utils.news:33 utils] cache_decorator set cache:%s key:%s
[2018-10-26 14:58:04,133] INFO [Jin_Blog.utils.news:33 utils] cache_decorator set cache:%s key:%s
[2018-10-26 14:58:39,284] INFO [Jin_Blog.utils.news:33 utils] cache_decorator set cache:%s key:%s
[2018-10-26 15:01:34,612] INFO [blog.context_processors.processor:10 context_processors] set processor
[2018-10-26 15:03:18,651] INFO [blog.context_processors.processor:10 context_processors] set processor
[2018-10-26 15:03:24,530] INFO [blog.context_processors.processor:10 context_processors] set processor
[2018-10-26 15:03:25,523] INFO [blog.context_processors.processor:10 context_processors] set processor
[2018-10-26 15:12:19,320] INFO [blog.context_processors.processor:10 context_processors] set processor
[2018-10-26 15:12:28,542] INFO [blog.context_processors.processor:10 context_processors] set processor
[2018-10-26 15:12:32,072] INFO [blog.context_processors.processor:10 context_processors] set processor
[2018-10-26 15:12:33,991] INFO [blog.context_processors.processor:10 context_processors] set processor
[2018-10-26 15:12:36,186] INFO [blog.context_processors.processor:10 context_processors] set processor
[2018-10-26 15:12:40,586] INFO [blog.context_processors.processor:10 context_processors] set processor
[2018-10-26 15:13:41,596] INFO [blog.context_processors.processor:10 context_processors] set processor
[2018-10-26 15:13:44,885] INFO [blog.context_processors.processor:10 context_processors] set processor
[2018-10-26 15:13:47,058] INFO [blog.context_processors.processor:10 context_processors] set processor
[2018-10-26 15:13:49,442] INFO [blog.context_processors.processor:10 context_processors] set processor
[2018-10-26 15:13:51,907] INFO [blog.context_processors.processor:10 context_processors] set processor
[2018-10-26 15:13:54,175] INFO [blog.context_processors.processor:10 context_processors] set processor
[2018-10-26 15:13:57,226] INFO [blog.context_processors.processor:10 context_processors] set processor
[2018-10-26 15:15:25,554] INFO [blog.context_processors.processor:10 context_processors] set processor
[2018-10-26 15:16:30,453] INFO [blog.context_processors.processor:10 context_processors] set processor
[2018-10-26 15:16:57,396] INFO [blog.context_processors.processor:10 context_processors] set processor
[2018-10-26 15:17:32,579] ERROR [django.security.DisallowedHost.response_for_exception:74 exception] Invalid HTTP_HOST header: '47.99.121.32:39169'. You may need to add '47.99.121.32' to ALLOWED_HOSTS.
[2018-10-26 15:20:58,366] INFO [blog.context_processors.processor:10 context_processors] set processor
[2018-10-26 15:21:54,232] INFO [blog.context_processors.processor:10 context_processors] set processor
[2018-10-26 15:22:45,836] INFO [blog.context_processors.processor:10 context_processors] set processor
[2018-10-26 15:23:08,219] INFO [blog.context_processors.processor:10 context_processors] set processor
[2018-10-26 15:23:57,652] INFO [blog.context_processors.processor:10 context_processors] set processor
[2018-10-26 15:24:02,403] INFO [blog.context_processors.processor:10 context_processors] set processor
[2018-10-26 15:24:15,770] INFO [blog.context_processors.processor:10 context_processors] set processor
[2018-10-26 15:24:19,427] INFO [blog.context_processors.processor:10 context_processors] set processor
[2018-10-26 15:24:20,930] INFO [blog.context_processors.processor:10 context_processors] set processor
[2018-10-26 15:24:22,502] INFO [blog.context_processors.processor:10 context_processors] set processor
[2018-10-26 15:24:23,824] INFO [blog.context_processors.processor:10 context_processors] set processor
[2018-10-26 15:24:24,887] INFO [blog.context_processors.processor:10 context_processors] set processor
[2018-10-26 15:24:36,874] INFO [blog.context_processors.processor:10 context_processors] set processor
[2018-10-26 15:24:40,273] INFO [blog.context_processors.processor:10 context_processors] set processor
[2018-10-26 15:24:43,783] INFO [blog.context_processors.processor:10 context_processors] set processor
[2018-10-26 15:24:58,039] INFO [blog.context_processors.processor:10 context_processors] set processor
[2018-10-26 15:25:30,852] INFO [blog.context_processors.processor:10 context_processors] set processor
[2018-10-26 15:25:42,486] INFO [blog.context_processors.processor:10 context_processors] set processor
[2018-10-26 15:28:12,881] INFO [blog.context_processors.processor:10 context_processors] set processor
[2018-10-26 15:28:32,574] INFO [blog.context_processors.processor:10 context_processors] set processor
[2018-10-26 15:29:14,377] INFO [blog.context_processors.processor:10 context_processors] set processor
[2018-10-26 15:29:19,855] INFO [blog.context_processors.processor:10 context_processors] set processor
[2018-10-26 15:29:21,022] INFO [blog.context_processors.processor:10 context_processors] set processor
[2018-10-26 15:29:22,155] INFO [blog.context_processors.processor:10 context_processors] set processor
[2018-10-26 15:29:23,219] INFO [blog.context_processors.processor:10 context_processors] set processor
[2018-10-26 15:29:26,527] INFO [blog.context_processors.processor:10 context_processors] set processor
[2018-10-26 15:29:27,817] INFO [blog.context_processors.processor:10 context_processors] set processor
[2018-10-26 15:29:29,049] INFO [blog.context_processors.processor:10 context_processors] set processor
[2018-10-26 15:33:22,969] INFO [blog.context_processors.processor:10 context_processors] set processor
[2018-10-26 15:33:43,781] INFO [blog.context_processors.processor:10 context_processors] set processor
[2018-10-26 15:33:48,822] INFO [blog.context_processors.processor:10 context_processors] set processor
[2018-10-26 15:33:50,227] INFO [blog.context_processors.processor:10 context_processors] set processor
[2018-10-26 15:33:55,479] INFO [blog.context_processors.processor:10 context_processors] set processor
[2018-10-26 15:35:40,150] INFO [blog.context_processors.processor:10 context_processors] set processor
[2018-10-26 15:37:40,937] INFO [blog.context_processors.processor:10 context_processors] set processor
[2018-10-26 15:37:47,180] INFO [blog.context_processors.processor:10 context_processors] set processor
[2018-10-26 15:37:50,508] INFO [blog.context_processors.processor:10 context_processors] set processor
[2018-10-26 15:37:53,263] INFO [blog.context_processors.processor:10 context_processors] set processor
[2018-10-26 15:37:55,074] INFO [blog.context_processors.processor:10 context_processors] set processor
[2018-10-26 15:37:57,402] INFO [blog.context_processors.processor:10 context_processors] set processor
[2018-10-26 15:38:00,227] INFO [blog.context_processors.processor:10 context_processors] set processor
[2018-10-26 15:38:01,385] INFO [blog.context_processors.processor:10 context_processors] set processor
[2018-10-26 15:38:08,509] ERROR [django.security.DisallowedHost.response_for_exception:74 exception] Invalid HTTP_HOST header: '47.99.121.32:39169'. You may need to add '47.99.121.32' to ALLOWED_HOSTS.
[2018-10-26 15:38:18,067] INFO [blog.context_processors.processor:10 context_processors] set processor
[2018-10-26 15:38:24,099] INFO [blog.context_processors.processor:10 context_processors] set processor
[2018-10-27 10:51:52,006] INFO [blog.context_processors.processor:10 context_processors] set processor
[2018-10-27 10:52:00,813] INFO [blog.context_processors.processor:10 context_processors] set processor
[2018-10-27 10:52:03,394] INFO [blog.context_processors.processor:10 context_processors] set processor
[2018-10-27 10:52:04,409] INFO [blog.context_processors.processor:10 context_processors] set processor
[2018-10-27 10:52:50,107] INFO [blog.context_processors.processor:10 context_processors] set processor
[2018-10-27 10:52:55,763] INFO [blog.context_processors.processor:10 context_processors] set processor
[2018-10-27 10:53:04,150] INFO [blog.context_processors.processor:10 context_processors] set processor
[2018-10-27 10:53:59,181] INFO [blog.context_processors.processor:10 context_processors] set processor
[2018-10-27 10:57:03,030] INFO [blog.context_processors.processor:10 context_processors] set processor
[2018-10-27 10:57:36,488] INFO [blog.context_processors.processor:10 context_processors] set processor
[2018-10-27 10:57:39,933] INFO [blog.context_processors.processor:10 context_processors] set processor
[2018-10-27 10:57:46,827] INFO [blog.context_processors.processor:10 context_processors] set processor
[2018-10-27 10:58:48,945] ERROR [django.security.DisallowedHost.response_for_exception:74 exception] Invalid HTTP_HOST header: '47.99.121.32:39169'. You may need to add '47.99.121.32' to ALLOWED_HOSTS.
[2018-10-27 11:01:37,356] INFO [blog.context_processors.processor:10 context_processors] set processor
[2018-10-27 11:02:32,222] INFO [blog.context_processors.processor:10 context_processors] set processor
[2018-10-27 11:02:39,964] INFO [blog.context_processors.processor:10 context_processors] set processor
[2018-10-27 11:02:50,433] INFO [blog.context_processors.processor:10 context_processors] set processor
[2018-10-27 11:02:53,997] INFO [blog.context_processors.processor:10 context_processors] set processor
[2018-10-27 11:03:04,440] INFO [blog.context_processors.processor:10 context_processors] set processor
[2018-10-27 11:03:09,091] INFO [blog.context_processors.processor:10 context_processors] set processor
[2018-10-27 11:10:56,414] INFO [blog.context_processors.processor:10 context_processors] set processor
[2018-10-27 11:10:58,827] INFO [blog.context_processors.processor:10 context_processors] set processor
[2018-10-27 11:14:29,438] INFO [blog.context_processors.processor:10 context_processors] set processor
[2018-10-27 11:18:23,253] ERROR [django.security.DisallowedHost.response_for_exception:74 exception] Invalid HTTP_HOST header: '47.99.121.32:39169'. You may need to add '47.99.121.32' to ALLOWED_HOSTS.
[2018-10-27 11:23:17,507] INFO [blog.context_processors.processor:10 context_processors] set processor
[2018-10-27 11:23:34,179] INFO [blog.context_processors.processor:10 context_processors] set processor
[2018-10-27 11:24:21,939] INFO [blog.context_processors.processor:10 context_processors] set processor
[2018-10-27 11:24:51,376] INFO [blog.context_processors.processor:10 context_processors] set processor
[2018-10-27 11:24:59,964] INFO [blog.context_processors.processor:10 context_processors] set processor
[2018-10-27 11:27:20,793] INFO [blog.context_processors.processor:10 context_processors] set processor
[2018-10-27 11:28:15,219] INFO [blog.context_processors.processor:10 context_processors] set processor
[2018-10-27 11:28:24,526] INFO [blog.context_processors.processor:10 context_processors] set processor
[2018-10-27 11:28:55,021] INFO [blog.context_processors.processor:10 context_processors] set processor
[2018-10-27 11:30:25,759] INFO [blog.context_processors.processor:10 context_processors] set processor
[2018-10-27 11:30:28,828] INFO [blog.context_processors.processor:10 context_processors] set processor
[2018-10-27 11:31:14,095] INFO [blog.context_processors.processor:10 context_processors] set processor
[2018-10-27 11:32:39,741] INFO [blog.context_processors.processor:10 context_processors] set processor
[2018-10-27 11:35:05,387] INFO [blog.context_processors.processor:10 context_processors] set processor
[2018-10-27 11:35:12,135] INFO [blog.context_processors.processor:10 context_processors] set processor
[2018-10-27 11:35:28,568] INFO [blog.context_processors.processor:10 context_processors] set processor
[2018-10-27 11:35:45,396] INFO [blog.context_processors.processor:10 context_processors] set processor
[2018-10-27 11:36:50,250] INFO [blog.context_processors.processor:10 context_processors] set processor
[2018-10-27 11:38:07,440] INFO [blog.context_processors.processor:10 context_processors] set processor
[2018-10-27 11:38:14,637] INFO [blog.context_processors.processor:10 context_processors] set processor
[2018-10-27 11:46:17,151] INFO [blog.context_processors.processor:10 context_processors] set processor
[2018-10-27 11:47:42,685] INFO [blog.context_processors.processor:10 context_processors] set processor
[2018-10-27 11:48:33,429] INFO [blog.context_processors.processor:10 context_processors] set processor
[2018-10-27 11:49:36,498] INFO [blog.context_processors.processor:10 context_processors] set processor
[2018-10-27 11:49:45,213] INFO [blog.context_processors.processor:10 context_processors] set processor
[2018-10-27 11:50:32,034] INFO [blog.context_processors.processor:10 context_processors] set processor
[2018-10-27 11:50:47,911] INFO [blog.context_processors.processor:10 context_processors] set processor
[2018-10-27 11:50:56,699] INFO [blog.context_processors.processor:10 context_processors] set processor
[2018-10-27 11:52:28,056] INFO [blog.context_processors.processor:10 context_processors] set processor
[2018-10-27 11:52:50,306] INFO [blog.context_processors.processor:10 context_processors] set processor
[2018-10-27 11:53:35,087] INFO [blog.context_processors.processor:10 context_processors] set processor
[2018-10-27 11:53:47,470] INFO [blog.context_processors.processor:10 context_processors] set processor
[2018-10-27 11:53:54,368] INFO [blog.context_processors.processor:10 context_processors] set processor
[2018-10-27 11:54:05,942] INFO [blog.context_processors.processor:10 context_processors] set processor
[2018-10-27 11:57:35,323] INFO [blog.context_processors.processor:10 context_processors] set processor
[2018-10-27 11:58:09,559] INFO [blog.context_processors.processor:10 context_processors] set processor
[2018-10-27 11:58:12,143] INFO [blog.context_processors.processor:10 context_processors] set processor
[2018-10-27 11:58:19,674] INFO [blog.context_processors.processor:10 context_processors] set processor
[2018-10-27 11:58:25,353] INFO [blog.context_processors.processor:10 context_processors] set processor
[2018-10-27 11:59:57,841] INFO [blog.context_processors.processor:10 context_processors] set processor
[2018-10-27 12:00:07,734] INFO [blog.context_processors.processor:10 context_processors] set processor
[2018-10-27 12:01:54,899] INFO [blog.context_processors.processor:10 context_processors] set processor
[2018-10-27 12:02:13,673] INFO [blog.context_processors.processor:10 context_processors] set processor
[2018-10-27 12:06:37,262] INFO [blog.context_processors.processor:11 context_processors] set processor
[2018-10-27 12:07:19,542] INFO [blog.context_processors.processor:11 context_processors] set processor
[2018-10-27 12:08:15,135] INFO [blog.context_processors.processor:12 context_processors] set processor
[2018-10-27 12:09:23,412] INFO [blog.context_processors.processor:12 context_processors] set processor
[2018-10-27 12:09:25,992] INFO [blog.context_processors.processor:12 context_processors] set processor
[2018-10-27 12:09:48,807] INFO [blog.context_processors.processor:12 context_processors] set processor
[2018-10-27 12:12:49,837] INFO [blog.context_processors.processor:12 context_processors] set processor
[2018-10-27 12:13:07,985] INFO [blog.context_processors.processor:12 context_processors] set processor
[2018-10-27 12:13:30,927] INFO [blog.context_processors.processor:12 context_processors] set processor
[2018-10-27 12:14:03,271] INFO [blog.context_processors.processor:12 context_processors] set processor
[2018-10-27 12:15:01,053] INFO [blog.context_processors.processor:12 context_processors] set processor
[2018-10-27 12:15:04,934] INFO [blog.context_processors.processor:12 context_processors] set processor
[2018-10-27 12:15:26,155] INFO [blog.context_processors.processor:12 context_processors] set processor
[2018-10-27 12:16:25,070] INFO [blog.context_processors.processor:11 context_processors] set processor
[2018-10-27 12:16:33,975] INFO [blog.context_processors.processor:11 context_processors] set processor
[2018-10-27 12:17:12,861] INFO [blog.context_processors.processor:11 context_processors] set processor
[2018-10-27 12:17:28,313] INFO [blog.context_processors.processor:11 context_processors] set processor
[2018-10-27 12:18:10,852] INFO [blog.context_processors.processor:11 context_processors] set processor
[2018-10-27 12:18:24,214] INFO [blog.context_processors.processor:11 context_processors] set processor
[2018-10-27 12:19:07,741] INFO [blog.context_processors.processor:11 context_processors] set processor
[2018-10-27 12:20:27,633] INFO [blog.context_processors.processor:11 context_processors] set processor
[2018-10-27 12:21:30,191] INFO [blog.context_processors.processor:11 context_processors] set processor
[2018-10-27 12:21:55,339] INFO [blog.context_processors.processor:11 context_processors] set processor
[2018-10-27 12:23:15,973] INFO [blog.context_processors.processor:11 context_processors] set processor
[2018-10-27 12:24:03,770] INFO [blog.context_processors.processor:11 context_processors] set processor
[2018-10-27 12:24:07,432] INFO [blog.context_processors.processor:11 context_processors] set processor
[2018-10-27 12:24:09,858] INFO [blog.context_processors.processor:11 context_processors] set processor
[2018-10-27 12:24:11,699] INFO [blog.context_processors.processor:11 context_processors] set processor
[2018-10-27 12:24:30,705] INFO [blog.context_processors.processor:11 context_processors] set processor
[2018-10-27 12:24:36,106] INFO [blog.context_processors.processor:11 context_processors] set processor
[2018-10-27 12:24:38,969] INFO [blog.context_processors.processor:11 context_processors] set processor
[2018-10-27 12:25:14,873] INFO [blog.context_processors.processor:11 context_processors] set processor
[2018-10-27 12:27:29,856] INFO [blog.context_processors.processor:11 context_processors] set processor
[2018-10-27 12:27:31,946] INFO [blog.context_processors.processor:11 context_processors] set processor
[2018-10-27 12:27:49,185] INFO [blog.context_processors.processor:11 context_processors] set processor
[2018-10-27 12:28:23,170] INFO [blog.context_processors.processor:11 context_processors] set processor
[2018-10-27 12:35:59,065] INFO [blog.context_processors.processor:11 context_processors] set processor
[2018-10-27 12:37:29,726] INFO [blog.context_processors.processor:11 context_processors] set processor
[2018-10-27 12:38:04,376] INFO [blog.context_processors.processor:11 context_processors] set processor
[2018-10-27 12:38:23,350] INFO [blog.context_processors.processor:11 context_processors] set processor
[2018-10-27 12:39:35,930] INFO [blog.context_processors.processor:11 context_processors] set processor
[2018-10-27 12:43:14,431] INFO [blog.context_processors.processor:11 context_processors] set processor
[2018-10-27 12:43:40,511] INFO [blog.context_processors.processor:11 context_processors] set processor
[2018-10-27 12:44:27,617] INFO [blog.context_processors.processor:10 context_processors] set processor
[2018-10-27 12:45:03,314] INFO [blog.context_processors.processor:10 context_processors] set processor
[2018-10-27 12:48:38,265] INFO [blog.context_processors.processor:11 context_processors] set processor
[2018-10-27 12:49:01,218] INFO [blog.context_processors.processor:11 context_processors] set processor
[2018-10-27 12:49:45,140] INFO [blog.context_processors.processor:11 context_processors] set processor
[2018-10-27 12:50:05,729] INFO [blog.context_processors.processor:11 context_processors] set processor
[2018-10-27 12:50:25,339] INFO [blog.context_processors.processor:11 context_processors] set processor
[2018-10-27 13:05:57,404] ERROR [django.security.DisallowedHost.response_for_exception:74 exception] Invalid HTTP_HOST header: '47.99.121.32:39169'. You may need to add '47.99.121.32' to ALLOWED_HOSTS.
[2018-10-28 22:17:04,894] INFO [blog.context_processors.processor:11 context_processors] set processor
[2018-10-28 22:17:18,297] INFO [blog.context_processors.processor:11 context_processors] set processor
[2018-10-28 22:17:23,629] INFO [blog.context_processors.processor:11 context_processors] set processor
[2018-10-28 22:17:26,179] INFO [blog.context_processors.processor:11 context_processors] set processor
[2018-10-28 22:17:30,582] INFO [blog.context_processors.processor:11 context_processors] set processor
[2018-10-28 22:17:35,579] INFO [blog.context_processors.processor:11 context_processors] set processor
[2018-10-28 22:17:41,640] INFO [blog.context_processors.processor:11 context_processors] set processor
[2018-10-29 09:28:43,091] ERROR [django.security.DisallowedHost.response_for_exception:74 exception] Invalid HTTP_HOST header: '47.99.121.32:39169'. You may need to add '47.99.121.32' to ALLOWED_HOSTS.
[2018-10-29 09:55:38,430] INFO [blog.context_processors.processor:11 context_processors] set processor
[2018-10-29 09:56:31,069] INFO [blog.context_processors.processor:11 context_processors] set processor
[2018-10-29 09:56:40,465] INFO [blog.context_processors.processor:11 context_processors] set processor
[2018-10-29 09:57:04,791] INFO [blog.context_processors.processor:11 context_processors] set processor
[2018-10-29 09:57:36,439] INFO [blog.context_processors.processor:11 context_processors] set processor
[2018-10-29 09:57:38,513] INFO [blog.context_processors.processor:11 context_processors] set processor
[2018-10-29 10:00:58,415] INFO [blog.context_processors.processor:11 context_processors] set processor
[2018-10-29 10:01:20,215] INFO [blog.context_processors.processor:11 context_processors] set processor
[2018-10-29 10:01:20,359] INFO [blog.context_processors.processor:11 context_processors] set processor
[2018-10-29 10:01:24,163] INFO [blog.context_processors.processor:11 context_processors] set processor
[2018-10-29 10:02:15,314] INFO [blog.context_processors.processor:11 context_processors] set processor
[2018-10-29 10:09:27,151] INFO [blog.context_processors.processor:11 context_processors] set processor
[2018-10-29 10:09:31,633] INFO [blog.context_processors.processor:11 context_processors] set processor
[2018-10-29 10:10:18,738] INFO [blog.context_processors.processor:11 context_processors] set processor
[2018-10-29 10:10:58,909] INFO [blog.context_processors.processor:11 context_processors] set processor
[2018-10-29 10:11:54,445] INFO [blog.context_processors.processor:11 context_processors] set processor
[2018-10-29 10:13:01,988] INFO [blog.context_processors.processor:11 context_processors] set processor
[2018-10-29 10:13:57,499] INFO [blog.context_processors.processor:11 context_processors] set processor
[2018-10-29 10:14:09,324] INFO [blog.context_processors.processor:11 context_processors] set processor
[2018-10-29 10:14:46,315] INFO [blog.context_processors.processor:11 context_processors] set processor
[2018-10-29 10:14:52,607] INFO [blog.context_processors.processor:11 context_processors] set processor
[2018-10-29 10:27:18,905] INFO [blog.context_processors.processor:11 context_processors] set processor
[2018-10-29 10:27:22,399] INFO [blog.context_processors.processor:11 context_processors] set processor
[2018-10-29 10:27:27,636] INFO [blog.context_processors.processor:11 context_processors] set processor
[2018-10-29 10:27:36,088] INFO [blog.context_processors.processor:11 context_processors] set processor
[2018-10-29 10:28:17,275] INFO [blog.context_processors.processor:11 context_processors] set processor
[2018-10-29 10:32:03,878] INFO [blog.context_processors.processor:11 context_processors] set processor
[2018-10-29 10:33:19,979] INFO [blog.context_processors.processor:12 context_processors] set processor
[2018-10-29 10:36:34,398] INFO [blog.context_processors.processor:12 context_processors] set processor
[2018-10-29 10:36:48,258] INFO [blog.context_processors.processor:12 context_processors] set processor
[2018-10-29 10:37:18,241] INFO [blog.context_processors.processor:12 context_processors] set processor
[2018-10-29 10:38:09,004] INFO [blog.context_processors.processor:12 context_processors] set processor
[2018-10-29 10:38:55,034] ERROR [django.security.DisallowedHost.response_for_exception:74 exception] Invalid HTTP_HOST header: '47.99.121.32:39169'. You may need to add '47.99.121.32' to ALLOWED_HOSTS.
[2018-10-29 10:49:18,443] INFO [blog.context_processors.processor:12 context_processors] set processor
[2018-10-29 10:49:38,154] INFO [blog.context_processors.processor:12 context_processors] set processor
[2018-10-29 10:55:34,607] INFO [blog.context_processors.processor:12 context_processors] set processor
[2018-10-29 10:55:40,238] INFO [blog.context_processors.processor:12 context_processors] set processor
[2018-10-29 10:56:25,734] INFO [blog.context_processors.processor:12 context_processors] set processor
[2018-10-29 10:56:29,777] INFO [blog.context_processors.processor:12 context_processors] set processor
[2018-10-29 10:57:06,126] INFO [blog.context_processors.processor:12 context_processors] set processor
[2018-10-29 10:58:28,398] INFO [blog.context_processors.processor:12 context_processors] set processor
[2018-10-29 10:59:42,530] INFO [blog.context_processors.processor:12 context_processors] set processor
[2018-10-29 11:00:17,494] INFO [blog.context_processors.processor:12 context_processors] set processor
[2018-10-29 11:00:23,887] INFO [blog.context_processors.processor:12 context_processors] set processor
[2018-10-29 11:01:02,960] INFO [blog.context_processors.processor:12 context_processors] set processor
[2018-10-29 11:01:07,217] INFO [blog.context_processors.processor:12 context_processors] set processor
[2018-10-29 11:01:28,441] INFO [blog.context_processors.processor:12 context_processors] set processor
[2018-10-29 11:01:32,755] INFO [blog.context_processors.processor:12 context_processors] set processor
[2018-10-29 11:01:49,370] INFO [blog.context_processors.processor:12 context_processors] set processor
[2018-10-29 11:01:56,322] INFO [blog.context_processors.processor:12 context_processors] set processor
[2018-10-29 11:02:05,480] INFO [blog.context_processors.processor:12 context_processors] set processor
[2018-10-29 11:15:35,276] INFO [blog.context_processors.processor:12 context_processors] set processor
[2018-10-29 11:15:39,817] INFO [blog.context_processors.processor:12 context_processors] set processor
[2018-10-29 11:17:11,161] INFO [blog.context_processors.processor:12 context_processors] set processor
[2018-10-29 11:17:17,799] INFO [blog.context_processors.processor:12 context_processors] set processor
[2018-10-29 11:33:38,585] INFO [blog.context_processors.processor:10 context_processors] set processor
[2018-10-29 11:33:51,706] INFO [blog.context_processors.processor:10 context_processors] set processor
[2018-10-29 11:34:22,092] INFO [blog.context_processors.processor:10 context_processors] set processor
[2018-10-29 11:34:28,684] INFO [blog.context_processors.processor:10 context_processors] set processor
[2018-10-29 11:34:40,846] INFO [blog.context_processors.processor:10 context_processors] set processor
[2018-10-29 11:34:43,119] INFO [blog.context_processors.processor:10 context_processors] set processor
[2018-10-29 11:39:26,398] INFO [blog.context_processors.processor:10 context_processors] set processor
[2018-10-29 11:42:19,936] INFO [blog.context_processors.processor:10 context_processors] set processor
[2018-10-29 11:45:09,751] INFO [blog.context_processors.processor:10 context_processors] set processor
[2018-10-29 11:45:17,181] INFO [blog.context_processors.processor:10 context_processors] set processor
[2018-10-29 11:49:25,319] INFO [blog.context_processors.processor:10 context_processors] set processor
[2018-10-29 11:52:08,347] INFO [blog.context_processors.processor:10 context_processors] set processor
[2018-10-29 11:52:14,445] INFO [blog.context_processors.processor:10 context_processors] set processor
[2018-10-29 11:54:25,594] INFO [blog.context_processors.processor:10 context_processors] set processor
[2018-10-29 12:12:29,604] INFO [blog.context_processors.processor:10 context_processors] set processor
[2018-10-29 12:12:31,260] INFO [blog.context_processors.processor:10 context_processors] set processor
[2018-10-29 12:12:33,547] INFO [blog.context_processors.processor:10 context_processors] set processor
[2018-10-29 12:12:35,793] INFO [blog.context_processors.processor:10 context_processors] set processor
[2018-10-29 12:12:40,717] INFO [blog.context_processors.processor:10 context_processors] set processor
[2018-10-29 12:12:45,155] INFO [blog.context_processors.processor:10 context_processors] set processor
[2018-10-29 12:12:45,920] INFO [blog.context_processors.processor:10 context_processors] set processor
[2018-10-29 12:12:48,064] INFO [blog.context_processors.processor:10 context_processors] set processor
[2018-10-29 12:12:52,002] INFO [blog.context_processors.processor:10 context_processors] set processor
[2018-10-29 12:12:54,209] INFO [blog.context_processors.processor:10 context_processors] set processor
[2018-10-29 12:29:35,569] INFO [blog.context_processors.processor:10 context_processors] set processor
[2018-10-29 12:29:45,861] INFO [blog.context_processors.processor:10 context_processors] set processor
[2018-10-29 12:32:01,573] ERROR [django.security.DisallowedHost.response_for_exception:74 exception] Invalid HTTP_HOST header: '47.99.121.32:39169'. You may need to add '47.99.121.32' to ALLOWED_HOSTS.
[2018-10-29 12:34:45,476] INFO [blog.context_processors.processor:10 context_processors] set processor
[2018-10-29 12:34:51,858] INFO [blog.context_processors.processor:10 context_processors] set processor
[2018-10-29 12:37:37,355] INFO [blog.context_processors.processor:10 context_processors] set processor
[2018-10-29 12:37:42,274] INFO [blog.context_processors.processor:10 context_processors] set processor
[2018-10-29 12:37:44,168] INFO [blog.context_processors.processor:10 context_processors] set processor
[2018-10-29 12:38:35,579] INFO [blog.context_processors.processor:10 context_processors] set processor
[2018-10-29 12:39:12,716] INFO [blog.context_processors.processor:10 context_processors] set processor
[2018-10-29 12:43:28,106] INFO [blog.context_processors.processor:10 context_processors] set processor
[2018-10-29 12:43:31,319] INFO [blog.context_processors.processor:10 context_processors] set processor
[2018-10-29 12:43:34,536] INFO [blog.context_processors.processor:10 context_processors] set processor
[2018-10-29 12:43:56,748] INFO [blog.context_processors.processor:10 context_processors] set processor
[2018-10-29 12:44:22,264] INFO [blog.context_processors.processor:10 context_processors] set processor
[2018-10-29 12:44:26,848] INFO [blog.context_processors.processor:10 context_processors] set processor
[2018-10-29 12:45:08,643] INFO [blog.context_processors.processor:10 context_processors] set processor
[2018-10-29 12:49:30,318] INFO [blog.context_processors.processor:10 context_processors] set processor
[2018-10-29 12:49:47,516] INFO [blog.context_processors.processor:10 context_processors] set processor
[2018-10-29 12:50:13,120] INFO [blog.context_processors.processor:10 context_processors] set processor
[2018-10-29 12:50:42,598] INFO [blog.context_processors.processor:10 context_processors] set processor
[2018-10-29 12:50:45,608] INFO [blog.context_processors.processor:10 context_processors] set processor
[2018-10-29 12:51:38,563] INFO [blog.context_processors.processor:10 context_processors] set processor
[2018-10-29 13:38:59,395] INFO [blog.context_processors.processor:10 context_processors] set processor
[2018-10-29 13:39:04,055] INFO [blog.context_processors.processor:10 context_processors] set processor
[2018-10-29 13:39:20,745] INFO [blog.context_processors.processor:10 context_processors] set processor
[2018-10-29 13:39:23,238] INFO [blog.context_processors.processor:10 context_processors] set processor
[2018-10-29 13:41:48,101] INFO [blog.context_processors.processor:10 context_processors] set processor
[2018-10-29 13:42:54,442] INFO [blog.context_processors.processor:10 context_processors] set processor
[2018-10-29 13:43:31,024] INFO [blog.context_processors.processor:10 context_processors] set processor
[2018-10-29 13:44:16,258] INFO [blog.context_processors.processor:10 context_processors] set processor
[2018-10-29 13:44:49,151] ERROR [django.security.DisallowedHost.response_for_exception:74 exception] Invalid HTTP_HOST header: '47.99.121.32:39169'. You may need to add '47.99.121.32' to ALLOWED_HOSTS.
[2018-10-29 13:47:58,549] INFO [blog.context_processors.processor:10 context_processors] set processor
[2018-10-29 13:51:41,745] INFO [blog.context_processors.processor:10 context_processors] set processor
[2018-10-29 13:51:51,280] INFO [blog.context_processors.processor:10 context_processors] set processor
[2018-10-29 13:51:56,229] INFO [blog.context_processors.processor:10 context_processors] set processor
[2018-10-29 13:52:37,541] INFO [blog.context_processors.processor:10 context_processors] set processor
[2018-10-29 13:52:50,147] INFO [blog.context_processors.processor:10 context_processors] set processor
[2018-10-29 13:52:56,903] INFO [blog.context_processors.processor:10 context_processors] set processor
[2018-10-29 13:53:25,936] INFO [blog.context_processors.processor:10 context_processors] set processor
[2018-10-29 13:53:28,238] INFO [blog.context_processors.processor:10 context_processors] set processor
[2018-10-29 13:53:30,038] INFO [blog.context_processors.processor:10 context_processors] set processor
[2018-10-29 13:53:31,277] INFO [blog.context_processors.processor:10 context_processors] set processor
[2018-10-29 13:53:33,341] INFO [blog.context_processors.processor:10 context_processors] set processor
[2018-10-29 13:53:34,333] INFO [blog.context_processors.processor:10 context_processors] set processor
[2018-10-29 13:53:35,633] INFO [blog.context_processors.processor:10 context_processors] set processor
[2018-10-29 13:54:40,143] INFO [blog.context_processors.processor:10 context_processors] set processor
[2018-10-29 13:54:43,402] INFO [blog.context_processors.processor:10 context_processors] set processor
[2018-10-29 13:54:45,545] INFO [blog.context_processors.processor:10 context_processors] set processor
[2018-10-29 13:54:46,748] INFO [blog.context_processors.processor:10 context_processors] set processor
[2018-10-29 13:54:48,032] INFO [blog.context_processors.processor:10 context_processors] set processor
[2018-10-29 13:54:51,303] INFO [blog.context_processors.processor:10 context_processors] set processor
[2018-10-29 13:59:16,249] ERROR [django.security.DisallowedHost.response_for_exception:74 exception] Invalid HTTP_HOST header: '47.99.121.32:39169'. You may need to add '47.99.121.32' to ALLOWED_HOSTS.
[2018-10-29 14:07:07,867] INFO [blog.context_processors.processor:10 context_processors] set processor
[2018-10-29 14:07:28,953] INFO [blog.context_processors.processor:10 context_processors] set processor
[2018-10-29 14:07:37,391] INFO [blog.context_processors.processor:10 context_processors] set processor
[2018-10-29 14:08:01,410] INFO [blog.context_processors.processor:10 context_processors] set processor
[2018-10-29 14:09:57,658] INFO [blog.context_processors.processor:10 context_processors] set processor
[2018-10-29 14:11:06,376] INFO [blog.context_processors.processor:10 context_processors] set processor
[2018-10-29 14:11:28,131] INFO [blog.context_processors.processor:10 context_processors] set processor
[2018-10-29 14:11:31,426] INFO [blog.context_processors.processor:10 context_processors] set processor
[2018-10-29 14:11:35,165] INFO [blog.context_processors.processor:10 context_processors] set processor
[2018-10-29 14:12:32,096] INFO [blog.context_processors.processor:10 context_processors] set processor
[2018-10-29 14:12:44,412] INFO [blog.context_processors.processor:10 context_processors] set processor
[2018-10-29 14:12:49,268] INFO [blog.context_processors.processor:10 context_processors] set processor
[2018-10-29 14:12:58,227] INFO [blog.context_processors.processor:10 context_processors] set processor
[2018-10-29 14:14:27,540] INFO [blog.context_processors.processor:10 context_processors] set processor
[2018-10-29 14:14:40,617] INFO [blog.context_processors.processor:10 context_processors] set processor
[2018-10-29 14:16:32,708] INFO [blog.context_processors.processor:10 context_processors] set processor
[2018-10-29 14:18:38,220] INFO [blog.context_processors.processor:10 context_processors] set processor
[2018-10-29 14:19:01,394] INFO [blog.context_processors.processor:10 context_processors] set processor
[2018-10-29 14:19:54,376] INFO [blog.context_processors.processor:10 context_processors] set processor
[2018-10-29 14:20:08,646] INFO [blog.context_processors.processor:10 context_processors] set processor
[2018-10-29 14:20:44,781] INFO [blog.context_processors.processor:10 context_processors] set processor
[2018-10-29 14:21:06,980] INFO [blog.context_processors.processor:10 context_processors] set processor
[2018-10-29 14:21:27,184] INFO [blog.context_processors.processor:10 context_processors] set processor
[2018-10-29 14:21:35,414] INFO [blog.context_processors.processor:10 context_processors] set processor
[2018-10-29 14:21:43,150] INFO [blog.context_processors.processor:10 context_processors] set processor
[2018-10-29 14:21:53,021] INFO [blog.context_processors.processor:10 context_processors] set processor
[2018-10-29 14:22:24,071] INFO [blog.context_processors.processor:10 context_processors] set processor
[2018-10-29 14:22:39,678] INFO [blog.context_processors.processor:10 context_processors] set processor
[2018-10-29 14:24:00,493] INFO [blog.context_processors.processor:10 context_processors] set processor
[2018-10-29 14:24:26,102] INFO [blog.context_processors.processor:10 context_processors] set processor
[2018-10-29 14:26:08,649] INFO [blog.context_processors.processor:10 context_processors] set processor
[2018-10-29 14:27:03,758] INFO [blog.context_processors.processor:10 context_processors] set processor
[2018-10-29 14:27:39,356] INFO [blog.context_processors.processor:10 context_processors] set processor
[2018-10-29 14:28:29,111] INFO [blog.context_processors.processor:10 context_processors] set processor
[2018-10-29 14:29:25,364] INFO [blog.context_processors.processor:10 context_processors] set processor
[2018-10-29 14:29:58,258] INFO [blog.context_processors.processor:10 context_processors] set processor
[2018-10-29 14:30:35,223] INFO [blog.context_processors.processor:10 context_processors] set processor
[2018-10-29 14:30:56,324] INFO [blog.context_processors.processor:10 context_processors] set processor
[2018-10-29 14:32:22,312] INFO [blog.context_processors.processor:10 context_processors] set processor
[2018-10-29 14:32:55,721] INFO [blog.context_processors.processor:10 context_processors] set processor
[2018-10-29 14:33:07,390] INFO [blog.context_processors.processor:10 context_processors] set processor
[2018-10-29 14:33:53,702] INFO [blog.context_processors.processor:10 context_processors] set processor
[2018-10-29 14:34:12,630] INFO [blog.context_processors.processor:10 context_processors] set processor
[2018-10-29 14:34:33,641] INFO [blog.context_processors.processor:10 context_processors] set processor
[2018-10-29 14:34:57,871] INFO [blog.context_processors.processor:10 context_processors] set processor
[2018-10-29 14:35:37,249] INFO [blog.context_processors.processor:10 context_processors] set processor
[2018-10-29 14:36:00,162] INFO [blog.context_processors.processor:10 context_processors] set processor
[2018-10-29 14:41:32,924] INFO [blog.context_processors.processor:10 context_processors] set processor
[2018-10-29 14:42:08,599] INFO [blog.context_processors.processor:10 context_processors] set processor
[2018-10-29 14:42:22,885] INFO [blog.context_processors.processor:10 context_processors] set processor
[2018-10-29 14:43:03,935] INFO [blog.context_processors.processor:10 context_processors] set processor
[2018-10-29 14:43:24,277] INFO [blog.context_processors.processor:10 context_processors] set processor
[2018-10-29 14:43:36,789] INFO [blog.context_processors.processor:10 context_processors] set processor
[2018-10-29 14:43:49,018] INFO [blog.context_processors.processor:10 context_processors] set processor
[2018-10-29 14:44:04,860] INFO [blog.context_processors.processor:10 context_processors] set processor
[2018-10-29 14:44:18,838] INFO [blog.context_processors.processor:10 context_processors] set processor
[2018-10-29 14:44:33,052] INFO [blog.context_processors.processor:10 context_processors] set processor
[2018-10-29 14:44:49,913] INFO [blog.context_processors.processor:10 context_processors] set processor
[2018-10-29 14:45:00,553] INFO [blog.context_processors.processor:10 context_processors] set processor
[2018-10-29 14:45:17,271] INFO [blog.context_processors.processor:10 context_processors] set processor
[2018-10-29 14:45:51,781] INFO [blog.context_processors.processor:10 context_processors] set processor
[2018-10-29 14:45:53,437] INFO [blog.context_processors.processor:10 context_processors] set processor
[2018-10-29 14:45:57,393] INFO [blog.context_processors.processor:10 context_processors] set processor
[2018-10-29 14:45:58,877] INFO [blog.context_processors.processor:10 context_processors] set processor
[2018-10-29 14:46:09,384] INFO [blog.context_processors.processor:10 context_processors] set processor
[2018-10-29 14:46:12,176] INFO [blog.context_processors.processor:10 context_processors] set processor
[2018-10-29 14:46:14,373] INFO [blog.context_processors.processor:10 context_processors] set processor
[2018-10-29 14:56:25,167] ERROR [django.security.DisallowedHost.response_for_exception:74 exception] Invalid HTTP_HOST header: '47.99.121.32:39169'. You may need to add '47.99.121.32' to ALLOWED_HOSTS.
[2018-10-29 14:58:30,295] INFO [blog.context_processors.processor:10 context_processors] set processor
[2018-10-29 14:58:54,673] INFO [blog.context_processors.processor:10 context_processors] set processor
[2018-10-29 15:00:02,253] INFO [blog.context_processors.processor:10 context_processors] set processor
[2018-10-29 15:00:46,150] INFO [blog.context_processors.processor:10 context_processors] set processor
[2018-10-29 15:01:07,304] INFO [blog.context_processors.processor:10 context_processors] set processor
[2018-10-29 15:01:18,811] INFO [blog.context_processors.processor:10 context_processors] set processor
[2018-10-29 15:01:26,683] INFO [blog.context_processors.processor:10 context_processors] set processor
[2018-10-29 15:01:39,492] INFO [blog.context_processors.processor:10 context_processors] set processor
[2018-10-29 15:02:30,157] INFO [blog.context_processors.processor:10 context_processors] set processor
[2018-10-29 15:02:39,317] INFO [blog.context_processors.processor:10 context_processors] set processor
[2018-10-29 15:02:55,266] INFO [blog.context_processors.processor:10 context_processors] set processor
[2018-10-29 15:03:57,693] INFO [blog.context_processors.processor:10 context_processors] set processor
[2018-10-29 15:04:28,649] INFO [blog.context_processors.processor:10 context_processors] set processor
[2018-10-29 15:04:33,021] INFO [blog.context_processors.processor:10 context_processors] set processor
[2018-10-29 15:04:59,718] INFO [blog.context_processors.processor:10 context_processors] set processor
[2018-10-29 15:05:14,588] INFO [blog.context_processors.processor:10 context_processors] set processor
[2018-10-29 15:05:25,165] INFO [blog.context_processors.processor:10 context_processors] set processor
[2018-10-29 15:05:48,724] INFO [blog.context_processors.processor:10 context_processors] set processor
[2018-10-29 15:05:55,056] INFO [blog.context_processors.processor:10 context_processors] set processor
[2018-10-29 15:06:09,676] INFO [blog.context_processors.processor:10 context_processors] set processor
[2018-10-29 15:06:23,652] INFO [blog.context_processors.processor:10 context_processors] set processor
[2018-10-29 15:06:39,668] INFO [blog.context_processors.processor:10 context_processors] set processor
[2018-10-29 15:07:21,427] INFO [blog.context_processors.processor:10 context_processors] set processor
[2018-10-29 15:07:28,464] INFO [blog.context_processors.processor:10 context_processors] set processor
[2018-10-29 15:07:35,456] INFO [blog.context_processors.processor:10 context_processors] set processor
[2018-10-29 15:07:49,222] INFO [blog.context_processors.processor:10 context_processors] set processor
[2018-10-29 15:11:24,344] INFO [blog.context_processors.processor:10 context_processors] set processor
[2018-10-29 15:11:34,709] INFO [blog.context_processors.processor:10 context_processors] set processor
[2018-10-29 15:11:59,603] INFO [blog.context_processors.processor:10 context_processors] set processor
[2018-10-29 15:12:24,963] INFO [blog.context_processors.processor:10 context_processors] set processor
[2018-10-29 15:12:29,418] INFO [blog.context_processors.processor:10 context_processors] set processor
[2018-10-29 15:12:33,029] INFO [blog.context_processors.processor:10 context_processors] set processor
[2018-10-29 15:14:42,143] INFO [blog.context_processors.processor:10 context_processors] set processor
[2018-10-29 15:15:56,354] INFO [blog.context_processors.processor:10 context_processors] set processor
[2018-10-29 15:16:52,878] INFO [blog.context_processors.processor:10 context_processors] set processor
[2018-10-29 15:17:28,106] INFO [blog.context_processors.processor:10 context_processors] set processor
[2018-10-29 15:17:42,731] INFO [blog.context_processors.processor:10 context_processors] set processor
[2018-10-29 15:18:00,306] INFO [blog.context_processors.processor:10 context_processors] set processor
[2018-10-29 15:18:08,198] INFO [blog.context_processors.processor:10 context_processors] set processor
[2018-10-29 15:18:18,380] INFO [blog.context_processors.processor:10 context_processors] set processor
[2018-10-29 15:18:25,566] INFO [blog.context_processors.processor:10 context_processors] set processor
[2018-10-29 15:19:09,589] INFO [blog.context_processors.processor:10 context_processors] set processor
[2018-10-29 15:19:35,569] INFO [blog.context_processors.processor:10 context_processors] set processor
[2018-10-29 15:19:59,846] INFO [blog.context_processors.processor:10 context_processors] set processor
[2018-10-29 15:21:36,602] INFO [blog.context_processors.processor:10 context_processors] set processor
[2018-10-29 15:21:54,125] INFO [blog.context_processors.processor:10 context_processors] set processor
[2018-10-29 15:22:11,822] INFO [blog.context_processors.processor:10 context_processors] set processor
[2018-10-29 15:23:12,207] INFO [blog.context_processors.processor:10 context_processors] set processor
[2018-10-29 15:23:25,812] INFO [blog.context_processors.processor:10 context_processors] set processor
[2018-10-29 15:23:38,937] INFO [blog.context_processors.processor:10 context_processors] set processor
[2018-10-29 15:23:42,861] ERROR [django.security.DisallowedHost.response_for_exception:74 exception] Invalid HTTP_HOST header: '47.99.121.32:39169'. You may need to add '47.99.121.32' to ALLOWED_HOSTS.
[2018-10-29 15:23:59,073] INFO [blog.context_processors.processor:10 context_processors] set processor
[2018-10-29 15:24:56,459] INFO [blog.context_processors.processor:10 context_processors] set processor
[2018-10-29 15:25:06,320] INFO [blog.context_processors.processor:10 context_processors] set processor
[2018-10-29 15:25:16,997] INFO [blog.context_processors.processor:10 context_processors] set processor
[2018-10-29 15:27:08,022] INFO [blog.context_processors.processor:10 context_processors] set processor
[2018-10-29 15:27:57,607] INFO [blog.context_processors.processor:10 context_processors] set processor
[2018-10-29 15:29:08,126] INFO [blog.context_processors.processor:10 context_processors] set processor
[2018-10-29 15:29:56,901] INFO [blog.context_processors.processor:10 context_processors] set processor
[2018-10-29 15:30:06,604] INFO [blog.context_processors.processor:10 context_processors] set processor
[2018-10-29 15:30:15,289] INFO [blog.context_processors.processor:10 context_processors] set processor
[2018-10-29 15:30:31,001] ERROR [django.security.DisallowedHost.response_for_exception:74 exception] Invalid HTTP_HOST header: '47.99.121.32:39169'. You may need to add '47.99.121.32' to ALLOWED_HOSTS.
[2018-10-29 15:30:37,630] INFO [blog.context_processors.processor:10 context_processors] set processor
[2018-10-29 15:30:47,047] INFO [blog.context_processors.processor:10 context_processors] set processor
[2018-10-29 15:30:49,338] INFO [blog.context_processors.processor:10 context_processors] set processor
[2018-10-29 15:33:58,860] INFO [blog.context_processors.processor:10 context_processors] set processor
[2018-10-29 15:35:52,579] INFO [blog.context_processors.processor:10 context_processors] set processor
[2018-10-29 15:36:32,816] INFO [blog.context_processors.processor:10 context_processors] set processor
[2018-10-29 15:37:40,289] INFO [blog.context_processors.processor:10 context_processors] set processor
[2018-10-29 15:38:13,109] INFO [blog.context_processors.processor:10 context_processors] set processor
[2018-10-29 15:43:41,256] INFO [blog.context_processors.processor:10 context_processors] set processor
[2018-10-29 15:43:58,037] INFO [blog.context_processors.processor:10 context_processors] set processor
[2018-10-29 15:44:52,546] INFO [blog.context_processors.processor:10 context_processors] set processor
[2018-10-29 16:14:33,890] INFO [blog.context_processors.processor:10 context_processors] set processor
[2018-10-29 21:11:42,664] INFO [blog.context_processors.processor:10 context_processors] set processor
[2018-10-29 21:12:58,149] INFO [blog.context_processors.processor:10 context_processors] set processor
[2018-10-29 21:13:22,581] INFO [blog.context_processors.processor:10 context_processors] set processor
[2018-10-29 21:14:23,369] INFO [blog.context_processors.processor:10 context_processors] set processor
[2018-10-29 21:19:10,171] INFO [blog.context_processors.processor:10 context_processors] set processor
[2018-10-29 21:21:59,674] INFO [blog.context_processors.processor:10 context_processors] set processor
[2018-10-29 21:26:47,658] INFO [blog.context_processors.processor:10 context_processors] set processor
[2018-10-29 21:27:42,932] INFO [blog.context_processors.processor:10 context_processors] set processor
[2018-10-29 21:28:10,626] INFO [blog.context_processors.processor:10 context_processors] set processor
[2018-10-29 21:28:57,992] INFO [blog.context_processors.processor:10 context_processors] set processor
[2018-10-29 21:29:14,270] INFO [blog.context_processors.processor:10 context_processors] set processor
[2018-10-29 21:31:00,025] INFO [blog.context_processors.processor:10 context_processors] set processor
[2018-10-29 21:31:03,230] INFO [blog.context_processors.processor:10 context_processors] set processor
[2018-10-29 21:31:05,369] INFO [blog.context_processors.processor:10 context_processors] set processor
[2018-10-29 21:31:29,822] INFO [blog.context_processors.processor:10 context_processors] set processor
[2018-10-29 21:32:37,428] INFO [blog.context_processors.processor:10 context_processors] set processor
[2018-10-29 21:38:13,159] INFO [blog.context_processors.processor:10 context_processors] set processor
[2018-10-29 21:39:12,534] INFO [blog.context_processors.processor:10 context_processors] set processor
[2018-10-29 21:39:51,710] INFO [blog.context_processors.processor:10 context_processors] set processor
[2018-10-29 21:40:01,717] INFO [blog.context_processors.processor:10 context_processors] set processor
[2018-10-29 21:40:03,627] INFO [blog.context_processors.processor:10 context_processors] set processor
[2018-10-29 21:40:28,217] INFO [blog.context_processors.processor:10 context_processors] set processor
[2018-10-29 21:41:02,292] INFO [blog.context_processors.processor:10 context_processors] set processor
[2018-10-29 21:41:38,858] INFO [blog.context_processors.processor:10 context_processors] set processor
[2018-10-29 21:42:14,994] INFO [blog.context_processors.processor:10 context_processors] set processor
[2018-10-29 21:43:05,025] INFO [blog.context_processors.processor:10 context_processors] set processor
[2018-10-29 21:44:56,659] INFO [blog.context_processors.processor:10 context_processors] set processor
[2018-10-29 21:45:38,861] INFO [blog.context_processors.processor:10 context_processors] set processor
[2018-10-29 21:49:16,327] INFO [blog.context_processors.processor:10 context_processors] set processor
[2018-10-29 21:49:29,044] INFO [blog.context_processors.processor:10 context_processors] set processor
[2018-10-29 21:49:57,695] INFO [blog.context_processors.processor:10 context_processors] set processor
[2018-10-29 21:52:28,470] INFO [blog.context_processors.processor:10 context_processors] set processor
[2018-10-29 21:53:14,334] INFO [blog.context_processors.processor:10 context_processors] set processor
[2018-10-29 21:53:24,309] INFO [blog.context_processors.processor:10 context_processors] set processor
[2018-10-29 21:54:46,077] INFO [blog.context_processors.processor:10 context_processors] set processor
[2018-10-29 21:54:57,758] INFO [blog.context_processors.processor:10 context_processors] set processor
[2018-10-29 21:55:17,561] INFO [blog.context_processors.processor:10 context_processors] set processor
[2018-10-29 21:55:24,527] INFO [blog.context_processors.processor:10 context_processors] set processor
[2018-10-29 21:55:26,177] INFO [blog.context_processors.processor:10 context_processors] set processor
[2018-10-29 21:55:27,952] INFO [blog.context_processors.processor:10 context_processors] set processor
[2018-10-29 21:55:34,002] INFO [blog.context_processors.processor:10 context_processors] set processor
[2018-10-29 21:55:52,247] INFO [blog.context_processors.processor:10 context_processors] set processor
[2018-10-29 21:55:55,599] INFO [blog.context_processors.processor:10 context_processors] set processor
[2018-10-29 21:57:21,112] INFO [blog.context_processors.processor:10 context_processors] set processor
[2018-10-29 22:00:17,969] INFO [blog.context_processors.processor:10 context_processors] set processor
[2018-10-29 22:00:42,527] INFO [blog.context_processors.processor:10 context_processors] set processor
[2018-10-29 22:01:13,888] INFO [blog.context_processors.processor:10 context_processors] set processor
[2018-10-29 22:01:48,075] INFO [blog.context_processors.processor:10 context_processors] set processor
[2018-10-29 22:02:01,075] INFO [blog.context_processors.processor:10 context_processors] set processor
[2018-10-29 22:03:09,629] INFO [blog.context_processors.processor:10 context_processors] set processor
[2018-10-29 22:03:13,403] INFO [blog.context_processors.processor:10 context_processors] set processor
[2018-10-29 22:03:15,630] INFO [blog.context_processors.processor:10 context_processors] set processor
[2018-10-29 22:03:26,151] INFO [blog.context_processors.processor:10 context_processors] set processor
[2018-10-29 22:03:30,012] INFO [blog.context_processors.processor:10 context_processors] set processor
[2018-10-29 22:03:32,701] INFO [blog.context_processors.processor:10 context_processors] set processor
[2018-10-29 22:03:36,524] INFO [blog.context_processors.processor:10 context_processors] set processor
[2018-10-29 22:03:41,028] INFO [blog.context_processors.processor:10 context_processors] set processor
[2018-10-29 22:03:44,696] INFO [blog.context_processors.processor:10 context_processors] set processor
[2018-10-29 22:05:11,557] INFO [blog.context_processors.processor:10 context_processors] set processor
[2018-10-29 22:05:43,966] INFO [blog.context_processors.processor:10 context_processors] set processor
[2018-10-29 22:05:45,545] INFO [blog.context_processors.processor:10 context_processors] set processor
[2018-10-29 22:10:06,662] INFO [blog.context_processors.processor:10 context_processors] set processor
[2018-10-29 22:12:45,285] INFO [blog.context_processors.processor:10 context_processors] set processor
[2018-10-29 22:12:48,055] INFO [blog.context_processors.processor:10 context_processors] set processor
[2018-10-29 22:12:52,377] INFO [blog.context_processors.processor:10 context_processors] set processor
[2018-10-29 22:12:55,079] INFO [blog.context_processors.processor:10 context_processors] set processor
[2018-10-29 22:13:01,968] INFO [blog.context_processors.processor:10 context_processors] set processor
[2018-10-29 22:13:05,127] INFO [blog.context_processors.processor:10 context_processors] set processor
[2018-10-29 22:13:53,045] INFO [blog.context_processors.processor:10 context_processors] set processor
[2018-10-29 22:14:39,865] INFO [blog.context_processors.processor:10 context_processors] set processor
[2018-10-29 22:14:56,661] INFO [blog.context_processors.processor:10 context_processors] set processor
[2018-10-29 22:15:58,714] INFO [blog.context_processors.processor:10 context_processors] set processor
[2018-10-29 22:16:50,348] INFO [blog.context_processors.processor:10 context_processors] set processor
[2018-10-29 22:17:04,332] INFO [blog.context_processors.processor:10 context_processors] set processor
[2018-10-29 22:19:20,868] INFO [blog.context_processors.processor:10 context_processors] set processor
[2018-10-29 22:19:27,701] INFO [blog.context_processors.processor:10 context_processors] set processor
[2018-10-29 22:19:30,219] INFO [blog.context_processors.processor:10 context_processors] set processor
[2018-10-29 22:19:36,529] INFO [blog.context_processors.processor:10 context_processors] set processor
[2018-10-29 22:25:02,208] INFO [blog.context_processors.processor:10 context_processors] set processor
[2018-10-29 22:33:57,026] INFO [blog.context_processors.processor:10 context_processors] set processor
[2018-10-29 22:39:54,045] INFO [blog.context_processors.processor:10 context_processors] set processor
[2018-10-29 22:40:02,848] INFO [blog.context_processors.processor:10 context_processors] set processor
[2018-10-29 22:41:17,413] INFO [blog.context_processors.processor:10 context_processors] set processor
[2018-10-29 22:42:34,792] INFO [blog.context_processors.processor:10 context_processors] set processor
[2018-10-29 22:43:45,700] INFO [blog.context_processors.processor:10 context_processors] set processor
